[INFO] 2025-08-28 12:03:42,735 django.utils.autoreload | Watching for file changes with StatReloader
[INFO] 2025-08-28 12:03:44,917 django.server | "GET / HTTP/1.1" 200 64494
[INFO] 2025-08-28 12:03:45,065 django.server | "GET /static/assets/vendor/bootstrap/css/bootstrap.min.css HTTP/1.1" 200 232022
[INFO] 2025-08-28 12:03:45,066 django.server | "GET /static/assets/vendor/bootstrap-icons/bootstrap-icons.css HTTP/1.1" 200 101662
[INFO] 2025-08-28 12:03:45,076 django.server | "GET /static/assets/vendor/swiper/swiper-bundle.min.css HTTP/1.1" 200 18466
[INFO] 2025-08-28 12:03:45,076 django.server | "GET /static/assets/vendor/aos/aos.css HTTP/1.1" 200 28765
[INFO] 2025-08-28 12:03:45,108 django.server | "GET /static/assets/img/logo.png HTTP/1.1" 200 219823
[INFO] 2025-08-28 12:03:45,108 django.server | "GET /static/assets/css/main.css HTTP/1.1" 200 197855
[INFO] 2025-08-28 12:03:45,127 django.server | "GET /static/assets/vendor/bootstrap/js/bootstrap.bundle.min.js HTTP/1.1" 200 80827
[INFO] 2025-08-28 12:03:45,174 django.server | "GET /static/assets/img/education/courses-13.webp HTTP/1.1" 200 43848
[INFO] 2025-08-28 12:03:45,215 django.server | "GET /static/assets/img/education/students-9.webp HTTP/1.1" 200 76830
[INFO] 2025-08-28 12:03:45,217 django.server | "GET /static/assets/img/person/person-f-3.webp HTTP/1.1" 200 26396
[INFO] 2025-08-28 12:03:45,223 django.server | "GET /static/assets/vendor/php-email-form/validate.js HTTP/1.1" 200 2735
[INFO] 2025-08-28 12:03:45,225 django.server | "GET /static/assets/vendor/purecounter/purecounter_vanilla.js HTTP/1.1" 200 5417
[INFO] 2025-08-28 12:03:45,230 django.server | "GET /static/assets/vendor/aos/aos.js HTTP/1.1" 200 13801
[WARNING] 2025-08-28 12:03:45,259 django.server | "GET /static/assets/img/education/campus-4.web' HTTP/1.1" 404 1876
[INFO] 2025-08-28 12:03:45,261 django.server | "GET /static/assets/img/person/person-m-5.webp HTTP/1.1" 200 34974
[INFO] 2025-08-28 12:03:45,263 django.server | "GET /static/assets/img/education/students-7.webp HTTP/1.1" 200 76830
[INFO] 2025-08-28 12:03:45,264 django.server | "GET /static/assets/img/person/person-f-7.webp HTTP/1.1" 200 35790
[INFO] 2025-08-28 12:03:45,275 django.server | "GET /static/assets/js/main.js HTTP/1.1" 200 21409
[INFO] 2025-08-28 12:03:45,302 django.server | "GET /static/assets/img/person/person-m-8.webp HTTP/1.1" 200 32196
[INFO] 2025-08-28 12:03:45,304 django.server | "GET /static/assets/img/education/education-5.webp HTTP/1.1" 200 25312
[INFO] 2025-08-28 12:03:45,306 django.server | "GET /static/assets/img/education/teacher-6.webp HTTP/1.1" 200 61830
[INFO] 2025-08-28 12:03:45,312 django.server | "GET /static/assets/img/education/activities-3.webp HTTP/1.1" 200 134452
[INFO] 2025-08-28 12:03:45,313 django.server | "GET /static/assets/img/person/person-f-12.webp HTTP/1.1" 200 32746
[INFO] 2025-08-28 12:03:45,333 django.server | "GET /static/assets/img/person/person-m-11.webp HTTP/1.1" 200 25746
[INFO] 2025-08-28 12:03:45,342 django.server | "GET /static/assets/img/education/teacher-7.webp HTTP/1.1" 200 40660
[INFO] 2025-08-28 12:03:45,343 django.server | "GET /static/assets/img/education/teacher-9.webp HTTP/1.1" 200 64020
[INFO] 2025-08-28 12:03:45,343 django.server | "GET /static/assets/img/education/teacher-2.webp HTTP/1.1" 200 101344
[INFO] 2025-08-28 12:03:45,344 django.server | "GET /static/assets/img/education/teacher-4.webp HTTP/1.1" 200 71394
[INFO] 2025-08-28 12:03:45,345 django.server | "GET /static/assets/vendor/swiper/swiper-bundle.min.js HTTP/1.1" 200 154610
[INFO] 2025-08-28 12:03:45,358 django.server | "GET /static/assets/img/person/person-f-1.webp HTTP/1.1" 200 42530
[INFO] 2025-08-28 12:03:45,386 django.server | "GET /static/assets/img/person/person-f-13.webp HTTP/1.1" 200 45870
[INFO] 2025-08-28 12:03:45,388 django.server | "GET /static/assets/img/person/person-m-2.webp HTTP/1.1" 200 29676
[INFO] 2025-08-28 12:03:45,389 django.server | "GET /static/assets/img/person/person-m-4.webp HTTP/1.1" 200 25304
[INFO] 2025-08-28 12:03:45,389 django.server | "GET /static/assets/img/blog/blog-post-1.webp HTTP/1.1" 200 73938
[INFO] 2025-08-28 12:03:45,390 django.server | "GET /static/assets/img/person/person-m-10.webp HTTP/1.1" 200 34772
[INFO] 2025-08-28 12:03:45,392 django.server | "GET /static/assets/img/blog/blog-post-2.webp HTTP/1.1" 200 92714
[INFO] 2025-08-28 12:03:45,423 django.server | "GET /static/assets/img/education/courses-4.webp HTTP/1.1" 200 63014
[INFO] 2025-08-28 12:03:45,424 django.server | "GET /static/assets/img/blog/blog-post-3.webp HTTP/1.1" 200 63066
[INFO] 2025-08-28 12:03:45,657 django.server | "GET /static/assets/vendor/bootstrap-icons/fonts/bootstrap-icons.woff2?e34853135f9e39acf64315236852cd5a HTTP/1.1" 200 134044
[INFO] 2025-08-28 12:03:45,669 django.server | "GET /static/assets/img/bg/abstract-bg-3.webp HTTP/1.1" 200 54502
[INFO] 2025-08-28 12:03:45,823 django.server | "GET /api/get-choices/ HTTP/1.1" 200 12383
[INFO] 2025-08-28 12:03:46,079 django.server | "GET /static/assets/img/creative-thinking.png HTTP/1.1" 200 23760
[INFO] 2025-08-28 12:03:49,580 django.server | "GET /courses/ HTTP/1.1" 200 28089
[INFO] 2025-08-28 12:03:49,740 django.server | "GET /static/assets/img/education/courses-7.webp HTTP/1.1" 200 29236
[INFO] 2025-08-28 12:03:49,741 django.server | "GET /static/assets/img/person/person-m-3.webp HTTP/1.1" 200 32372
[INFO] 2025-08-28 12:03:49,742 django.server | "GET /static/assets/img/education/courses-3.webp HTTP/1.1" 200 91114
[INFO] 2025-08-28 12:03:49,764 django.server | "GET /static/assets/img/education/courses-5.webp HTTP/1.1" 200 29236
[INFO] 2025-08-28 12:03:49,767 django.server | "GET /static/assets/img/education/courses-12.webp HTTP/1.1" 200 58570
[INFO] 2025-08-28 12:03:49,768 django.server | "GET /static/assets/img/education/courses-9.webp HTTP/1.1" 200 61750
[INFO] 2025-08-28 12:03:49,778 django.server | "GET /static/assets/img/person/person-f-9.webp HTTP/1.1" 200 37502
[INFO] 2025-08-28 12:03:49,778 django.server | "GET /static/assets/img/education/courses-14.webp HTTP/1.1" 200 53506
[INFO] 2025-08-28 12:03:50,001 django.server | "GET /api/get-choices/ HTTP/1.1" 200 12383
